# /home/users/svarrette/TP/runs/data/2013-11-07/e-cluster1-2_result_HPL_01h48m14.out
#
# Initial command: launch_hpl_bench --serious --module ictce --arch intel64
#
# HPL benchmark
# Generated @ Thu Nov  7 01:48:15 CET 2013 by:
#   mpirun -hostfile /var/lib/oar/860004 -np 32  ./xhpl
# (command performed in /home/users/svarrette/TP/hpl-2.1/bin/intel64)
### Starting timestamp: 1383785295
================================================================================
HPLinpack 2.1  --  High-Performance Linpack benchmark  --   October 26, 2012
Written by A. Petitet and R. Clint Whaley,  Innovative Computing Laboratory, UTK
Modified by Piotr Luszczek, Innovative Computing Laboratory, UTK
Modified by Julien Langou, University of Colorado Denver
================================================================================

An explanation of the input/output parameters follows:
T/V    : Wall time / encoded variant.
N      : The order of the coefficient matrix A.
NB     : The partitioning blocking factor.
P      : The number of process rows.
Q      : The number of process columns.
Time   : Time in seconds to solve the linear system.
Gflops : Rate of execution for solving the linear system.

The following parameter values will be used:

N      :   73497 
NB     :      96      112      128      144      168      192      224      256 
PMAP   : Row-major process mapping
P      :       1        2        4 
Q      :      32       16        8 
PFACT  :   Right 
NBMIN  :       4 
NDIV   :       2 
RFACT  :   Crout 
BCAST  :  1ringM 
DEPTH  :       1 
SWAP   : Mix (threshold = 64)
L1     : transposed form
U      : transposed form
EQUIL  : yes
ALIGN  : 8 double precision words

--------------------------------------------------------------------------------

- The matrix A is randomly generated for each test.
- The following scaled residual check will be computed:
      ||Ax-b||_oo / ( eps * ( || x ||_oo * || A ||_oo + || b ||_oo ) * N )
- The relative machine precision (eps) is taken to be               1.110223e-16
- Computational tests pass if scaled residuals are less than                16.0

================================================================================
T/V                N    NB     P     Q               Time                 Gflops
--------------------------------------------------------------------------------
WR11C2R4       73497    96     1    32             553.50              4.782e+02
HPL_pdgesv() start time Thu Nov  7 01:48:25 2013

HPL_pdgesv() end time   Thu Nov  7 01:57:39 2013

--------------------------------------------------------------------------------
||Ax-b||_oo/(eps*(||A||_oo*||x||_oo+||b||_oo)*N)=        0.0019817 ...... PASSED
================================================================================
T/V                N    NB     P     Q               Time                 Gflops
--------------------------------------------------------------------------------
WR11C2R4       73497   112     1    32             550.65              4.807e+02
HPL_pdgesv() start time Thu Nov  7 01:57:51 2013

HPL_pdgesv() end time   Thu Nov  7 02:07:01 2013

--------------------------------------------------------------------------------
||Ax-b||_oo/(eps*(||A||_oo*||x||_oo+||b||_oo)*N)=        0.0017220 ...... PASSED
================================================================================
T/V                N    NB     P     Q               Time                 Gflops
--------------------------------------------------------------------------------
WR11C2R4       73497   128     1    32             550.44              4.809e+02
HPL_pdgesv() start time Thu Nov  7 02:07:13 2013

HPL_pdgesv() end time   Thu Nov  7 02:16:24 2013

--------------------------------------------------------------------------------
||Ax-b||_oo/(eps*(||A||_oo*||x||_oo+||b||_oo)*N)=        0.0018026 ...... PASSED
================================================================================
T/V                N    NB     P     Q               Time                 Gflops
--------------------------------------------------------------------------------
WR11C2R4       73497   144     1    32             552.89              4.787e+02
HPL_pdgesv() start time Thu Nov  7 02:16:36 2013

HPL_pdgesv() end time   Thu Nov  7 02:25:48 2013

--------------------------------------------------------------------------------
||Ax-b||_oo/(eps*(||A||_oo*||x||_oo+||b||_oo)*N)=        0.0018405 ...... PASSED
================================================================================
T/V                N    NB     P     Q               Time                 Gflops
--------------------------------------------------------------------------------
WR11C2R4       73497   168     1    32             559.86              4.728e+02
HPL_pdgesv() start time Thu Nov  7 02:26:00 2013

HPL_pdgesv() end time   Thu Nov  7 02:35:20 2013

--------------------------------------------------------------------------------
||Ax-b||_oo/(eps*(||A||_oo*||x||_oo+||b||_oo)*N)=        0.0018523 ...... PASSED
================================================================================
T/V                N    NB     P     Q               Time                 Gflops
--------------------------------------------------------------------------------
WR11C2R4       73497   192     1    32             568.39              4.657e+02
HPL_pdgesv() start time Thu Nov  7 02:35:32 2013

HPL_pdgesv() end time   Thu Nov  7 02:45:01 2013

--------------------------------------------------------------------------------
||Ax-b||_oo/(eps*(||A||_oo*||x||_oo+||b||_oo)*N)=        0.0021959 ...... PASSED
================================================================================
T/V                N    NB     P     Q               Time                 Gflops
--------------------------------------------------------------------------------
WR11C2R4       73497   224     1    32             577.55              4.583e+02
HPL_pdgesv() start time Thu Nov  7 02:45:13 2013

HPL_pdgesv() end time   Thu Nov  7 02:54:50 2013

--------------------------------------------------------------------------------
||Ax-b||_oo/(eps*(||A||_oo*||x||_oo+||b||_oo)*N)=        0.0020788 ...... PASSED
================================================================================
T/V                N    NB     P     Q               Time                 Gflops
--------------------------------------------------------------------------------
WR11C2R4       73497   256     1    32             583.97              4.533e+02
HPL_pdgesv() start time Thu Nov  7 02:55:03 2013

HPL_pdgesv() end time   Thu Nov  7 03:04:46 2013

--------------------------------------------------------------------------------
||Ax-b||_oo/(eps*(||A||_oo*||x||_oo+||b||_oo)*N)=        0.0025387 ...... PASSED
================================================================================
T/V                N    NB     P     Q               Time                 Gflops
--------------------------------------------------------------------------------
WR11C2R4       73497    96     2    16             516.87              5.121e+02
HPL_pdgesv() start time Thu Nov  7 03:04:58 2013

HPL_pdgesv() end time   Thu Nov  7 03:13:35 2013

--------------------------------------------------------------------------------
||Ax-b||_oo/(eps*(||A||_oo*||x||_oo+||b||_oo)*N)=        0.0019397 ...... PASSED
================================================================================
T/V                N    NB     P     Q               Time                 Gflops
--------------------------------------------------------------------------------
WR11C2R4       73497   112     2    16             513.89              5.151e+02
HPL_pdgesv() start time Thu Nov  7 03:13:47 2013

HPL_pdgesv() end time   Thu Nov  7 03:22:21 2013

--------------------------------------------------------------------------------
||Ax-b||_oo/(eps*(||A||_oo*||x||_oo+||b||_oo)*N)=        0.0021446 ...... PASSED
================================================================================
T/V                N    NB     P     Q               Time                 Gflops
--------------------------------------------------------------------------------
WR11C2R4       73497   128     2    16             519.60              5.094e+02
HPL_pdgesv() start time Thu Nov  7 03:22:33 2013

HPL_pdgesv() end time   Thu Nov  7 03:31:12 2013

--------------------------------------------------------------------------------
||Ax-b||_oo/(eps*(||A||_oo*||x||_oo+||b||_oo)*N)=        0.0018135 ...... PASSED
================================================================================
T/V                N    NB     P     Q               Time                 Gflops
--------------------------------------------------------------------------------
WR11C2R4       73497   144     2    16             514.45              5.145e+02
HPL_pdgesv() start time Thu Nov  7 03:31:24 2013

HPL_pdgesv() end time   Thu Nov  7 03:39:58 2013

--------------------------------------------------------------------------------
||Ax-b||_oo/(eps*(||A||_oo*||x||_oo+||b||_oo)*N)=        0.0018455 ...... PASSED
================================================================================
T/V                N    NB     P     Q               Time                 Gflops
--------------------------------------------------------------------------------
WR11C2R4       73497   168     2    16             564.19              4.691e+02
HPL_pdgesv() start time Thu Nov  7 03:40:10 2013

HPL_pdgesv() end time   Thu Nov  7 03:49:34 2013

--------------------------------------------------------------------------------
||Ax-b||_oo/(eps*(||A||_oo*||x||_oo+||b||_oo)*N)=        0.0022024 ...... PASSED
================================================================================
T/V                N    NB     P     Q               Time                 Gflops
--------------------------------------------------------------------------------
WR11C2R4       73497   192     2    16             522.01              5.071e+02
HPL_pdgesv() start time Thu Nov  7 03:49:46 2013

HPL_pdgesv() end time   Thu Nov  7 03:58:28 2013

--------------------------------------------------------------------------------
||Ax-b||_oo/(eps*(||A||_oo*||x||_oo+||b||_oo)*N)=        0.0021134 ...... PASSED
================================================================================
T/V                N    NB     P     Q               Time                 Gflops
--------------------------------------------------------------------------------
WR11C2R4       73497   224     2    16             541.14              4.891e+02
HPL_pdgesv() start time Thu Nov  7 03:58:40 2013

HPL_pdgesv() end time   Thu Nov  7 04:07:41 2013

--------------------------------------------------------------------------------
||Ax-b||_oo/(eps*(||A||_oo*||x||_oo+||b||_oo)*N)=        0.0021403 ...... PASSED
================================================================================
T/V                N    NB     P     Q               Time                 Gflops
--------------------------------------------------------------------------------
WR11C2R4       73497   256     2    16             554.48              4.774e+02
HPL_pdgesv() start time Thu Nov  7 04:07:53 2013

HPL_pdgesv() end time   Thu Nov  7 04:17:07 2013

--------------------------------------------------------------------------------
||Ax-b||_oo/(eps*(||A||_oo*||x||_oo+||b||_oo)*N)=        0.0022592 ...... PASSED
================================================================================
T/V                N    NB     P     Q               Time                 Gflops
--------------------------------------------------------------------------------
WR11C2R4       73497    96     4     8             557.51              4.748e+02
HPL_pdgesv() start time Thu Nov  7 04:17:19 2013

HPL_pdgesv() end time   Thu Nov  7 04:26:37 2013

--------------------------------------------------------------------------------
||Ax-b||_oo/(eps*(||A||_oo*||x||_oo+||b||_oo)*N)=        0.0022780 ...... PASSED
================================================================================
T/V                N    NB     P     Q               Time                 Gflops
--------------------------------------------------------------------------------
WR11C2R4       73497   112     4     8             501.21              5.281e+02
HPL_pdgesv() start time Thu Nov  7 04:26:48 2013

HPL_pdgesv() end time   Thu Nov  7 04:35:10 2013

--------------------------------------------------------------------------------
||Ax-b||_oo/(eps*(||A||_oo*||x||_oo+||b||_oo)*N)=        0.0027044 ...... PASSED
================================================================================
T/V                N    NB     P     Q               Time                 Gflops
--------------------------------------------------------------------------------
WR11C2R4       73497   128     4     8             575.44              4.600e+02
HPL_pdgesv() start time Thu Nov  7 04:35:21 2013

HPL_pdgesv() end time   Thu Nov  7 04:44:57 2013

--------------------------------------------------------------------------------
||Ax-b||_oo/(eps*(||A||_oo*||x||_oo+||b||_oo)*N)=        0.0025483 ...... PASSED
================================================================================
T/V                N    NB     P     Q               Time                 Gflops
--------------------------------------------------------------------------------
WR11C2R4       73497   144     4     8             565.06              4.684e+02
HPL_pdgesv() start time Thu Nov  7 04:45:09 2013

HPL_pdgesv() end time   Thu Nov  7 04:54:34 2013

--------------------------------------------------------------------------------
||Ax-b||_oo/(eps*(||A||_oo*||x||_oo+||b||_oo)*N)=        0.0026204 ...... PASSED
================================================================================
T/V                N    NB     P     Q               Time                 Gflops
--------------------------------------------------------------------------------
WR11C2R4       73497   168     4     8             521.83              5.072e+02
HPL_pdgesv() start time Thu Nov  7 04:54:46 2013

HPL_pdgesv() end time   Thu Nov  7 05:03:28 2013

--------------------------------------------------------------------------------
||Ax-b||_oo/(eps*(||A||_oo*||x||_oo+||b||_oo)*N)=        0.0025470 ...... PASSED
================================================================================
T/V                N    NB     P     Q               Time                 Gflops
--------------------------------------------------------------------------------
WR11C2R4       73497   192     4     8             550.10              4.812e+02
HPL_pdgesv() start time Thu Nov  7 05:03:39 2013

HPL_pdgesv() end time   Thu Nov  7 05:12:49 2013

--------------------------------------------------------------------------------
||Ax-b||_oo/(eps*(||A||_oo*||x||_oo+||b||_oo)*N)=        0.0023436 ...... PASSED
================================================================================
T/V                N    NB     P     Q               Time                 Gflops
--------------------------------------------------------------------------------
WR11C2R4       73497   224     4     8             509.04              5.200e+02
HPL_pdgesv() start time Thu Nov  7 05:13:01 2013

HPL_pdgesv() end time   Thu Nov  7 05:21:30 2013

--------------------------------------------------------------------------------
||Ax-b||_oo/(eps*(||A||_oo*||x||_oo+||b||_oo)*N)=        0.0024945 ...... PASSED
================================================================================
T/V                N    NB     P     Q               Time                 Gflops
--------------------------------------------------------------------------------
WR11C2R4       73497   256     4     8             542.81              4.876e+02
HPL_pdgesv() start time Thu Nov  7 05:21:42 2013

HPL_pdgesv() end time   Thu Nov  7 05:30:45 2013

--------------------------------------------------------------------------------
||Ax-b||_oo/(eps*(||A||_oo*||x||_oo+||b||_oo)*N)=        0.0023704 ...... PASSED
================================================================================

Finished     24 tests with the following results:
             24 tests completed and passed residual checks,
              0 tests completed and failed residual checks,
              0 tests skipped because of illegal input values.
--------------------------------------------------------------------------------

End of Tests.
================================================================================
### Ending timestamp:   1383798653
