# /home/users/svarrette/TP/runs/data/2013-11-07/s-cluster1-11_result_HPL_21h35m20.out
#
# Initial command: launch_hpl_bench --serious --module MVAPICH2 --arch atlas
#
# HPL benchmark
# Generated @ Thu Nov  7 21:35:21 CET 2013 by:
#   mpirun  -launcher ssh -launcher-exec /usr/bin/oarsh  -hostfile /var/lib/oar/867205 -np 32  ./xhpl
# (command performed in /home/users/svarrette/TP/hpl-2.1/bin/atlas)
### Starting timestamp: 1383856521
================================================================================
HPLinpack 2.1  --  High-Performance Linpack benchmark  --   October 26, 2012
Written by A. Petitet and R. Clint Whaley,  Innovative Computing Laboratory, UTK
Modified by Piotr Luszczek, Innovative Computing Laboratory, UTK
Modified by Julien Langou, University of Colorado Denver
================================================================================

An explanation of the input/output parameters follows:
T/V    : Wall time / encoded variant.
N      : The order of the coefficient matrix A.
NB     : The partitioning blocking factor.
P      : The number of process rows.
Q      : The number of process columns.
Time   : Time in seconds to solve the linear system.
Gflops : Rate of execution for solving the linear system.

The following parameter values will be used:

N      :   73508 
NB     :      96      112      128      144      168      192      224      256 
PMAP   : Row-major process mapping
P      :       1        2        4 
Q      :      32       16        8 
PFACT  :   Right 
NBMIN  :       4 
NDIV   :       2 
RFACT  :   Crout 
BCAST  :  1ringM 
DEPTH  :       1 
SWAP   : Mix (threshold = 64)
L1     : transposed form
U      : transposed form
EQUIL  : yes
ALIGN  : 8 double precision words

--------------------------------------------------------------------------------

- The matrix A is randomly generated for each test.
- The following scaled residual check will be computed:
      ||Ax-b||_oo / ( eps * ( || x ||_oo * || A ||_oo + || b ||_oo ) * N )
- The relative machine precision (eps) is taken to be               1.110223e-16
- Computational tests pass if scaled residuals are less than                16.0

================================================================================
T/V                N    NB     P     Q               Time                 Gflops
--------------------------------------------------------------------------------
WR11C2R4       73508    96     1    32            1028.45              2.575e+02
HPL_pdgesv() start time Thu Nov  7 21:35:34 2013

HPL_pdgesv() end time   Thu Nov  7 21:52:42 2013

--------------------------------------------------------------------------------
||Ax-b||_oo/(eps*(||A||_oo*||x||_oo+||b||_oo)*N)=        0.0005103 ...... PASSED
================================================================================
T/V                N    NB     P     Q               Time                 Gflops
--------------------------------------------------------------------------------
WR11C2R4       73508   112     1    32             639.82              4.139e+02
HPL_pdgesv() start time Thu Nov  7 21:52:59 2013

HPL_pdgesv() end time   Thu Nov  7 22:03:39 2013

--------------------------------------------------------------------------------
||Ax-b||_oo/(eps*(||A||_oo*||x||_oo+||b||_oo)*N)=        0.0005024 ...... PASSED
================================================================================
T/V                N    NB     P     Q               Time                 Gflops
--------------------------------------------------------------------------------
WR11C2R4       73508   128     1    32             619.45              4.275e+02
HPL_pdgesv() start time Thu Nov  7 22:03:56 2013

HPL_pdgesv() end time   Thu Nov  7 22:14:15 2013

--------------------------------------------------------------------------------
||Ax-b||_oo/(eps*(||A||_oo*||x||_oo+||b||_oo)*N)=        0.0005122 ...... PASSED
================================================================================
T/V                N    NB     P     Q               Time                 Gflops
--------------------------------------------------------------------------------
WR11C2R4       73508   144     1    32             607.77              4.357e+02
HPL_pdgesv() start time Thu Nov  7 22:14:32 2013

HPL_pdgesv() end time   Thu Nov  7 22:24:40 2013

--------------------------------------------------------------------------------
||Ax-b||_oo/(eps*(||A||_oo*||x||_oo+||b||_oo)*N)=        0.0005593 ...... PASSED
================================================================================
T/V                N    NB     P     Q               Time                 Gflops
--------------------------------------------------------------------------------
WR11C2R4       73508   168     1    32             608.24              4.354e+02
HPL_pdgesv() start time Thu Nov  7 22:24:57 2013

HPL_pdgesv() end time   Thu Nov  7 22:35:05 2013

--------------------------------------------------------------------------------
||Ax-b||_oo/(eps*(||A||_oo*||x||_oo+||b||_oo)*N)=        0.0006198 ...... PASSED
================================================================================
T/V                N    NB     P     Q               Time                 Gflops
--------------------------------------------------------------------------------
WR11C2R4       73508   192     1    32             666.55              3.973e+02
HPL_pdgesv() start time Thu Nov  7 22:35:22 2013

HPL_pdgesv() end time   Thu Nov  7 22:46:28 2013

--------------------------------------------------------------------------------
||Ax-b||_oo/(eps*(||A||_oo*||x||_oo+||b||_oo)*N)=        0.0005894 ...... PASSED
================================================================================
T/V                N    NB     P     Q               Time                 Gflops
--------------------------------------------------------------------------------
WR11C2R4       73508   224     1    32             662.78              3.995e+02
HPL_pdgesv() start time Thu Nov  7 22:46:46 2013

HPL_pdgesv() end time   Thu Nov  7 22:57:48 2013

--------------------------------------------------------------------------------
||Ax-b||_oo/(eps*(||A||_oo*||x||_oo+||b||_oo)*N)=        0.0006652 ...... PASSED
================================================================================
T/V                N    NB     P     Q               Time                 Gflops
--------------------------------------------------------------------------------
WR11C2R4       73508   256     1    32             656.65              4.033e+02
HPL_pdgesv() start time Thu Nov  7 22:58:06 2013

HPL_pdgesv() end time   Thu Nov  7 23:09:02 2013

--------------------------------------------------------------------------------
||Ax-b||_oo/(eps*(||A||_oo*||x||_oo+||b||_oo)*N)=        0.0006401 ...... PASSED
================================================================================
T/V                N    NB     P     Q               Time                 Gflops
--------------------------------------------------------------------------------
WR11C2R4       73508    96     2    16             995.66              2.660e+02
HPL_pdgesv() start time Thu Nov  7 23:09:19 2013

HPL_pdgesv() end time   Thu Nov  7 23:25:55 2013

--------------------------------------------------------------------------------
||Ax-b||_oo/(eps*(||A||_oo*||x||_oo+||b||_oo)*N)=        0.0005020 ...... PASSED
================================================================================
T/V                N    NB     P     Q               Time                 Gflops
--------------------------------------------------------------------------------
WR11C2R4       73508   112     2    16             609.66              4.344e+02
HPL_pdgesv() start time Thu Nov  7 23:26:11 2013

HPL_pdgesv() end time   Thu Nov  7 23:36:21 2013

--------------------------------------------------------------------------------
||Ax-b||_oo/(eps*(||A||_oo*||x||_oo+||b||_oo)*N)=        0.0005601 ...... PASSED
================================================================================
T/V                N    NB     P     Q               Time                 Gflops
--------------------------------------------------------------------------------
WR11C2R4       73508   128     2    16             591.92              4.474e+02
HPL_pdgesv() start time Thu Nov  7 23:36:37 2013

HPL_pdgesv() end time   Thu Nov  7 23:46:29 2013

--------------------------------------------------------------------------------
||Ax-b||_oo/(eps*(||A||_oo*||x||_oo+||b||_oo)*N)=        0.0005188 ...... PASSED
================================================================================
T/V                N    NB     P     Q               Time                 Gflops
--------------------------------------------------------------------------------
WR11C2R4       73508   144     2    16             578.82              4.575e+02
HPL_pdgesv() start time Thu Nov  7 23:46:46 2013

HPL_pdgesv() end time   Thu Nov  7 23:56:24 2013

--------------------------------------------------------------------------------
||Ax-b||_oo/(eps*(||A||_oo*||x||_oo+||b||_oo)*N)=        0.0005243 ...... PASSED
================================================================================
T/V                N    NB     P     Q               Time                 Gflops
--------------------------------------------------------------------------------
WR11C2R4       73508   168     2    16             566.60              4.674e+02
HPL_pdgesv() start time Thu Nov  7 23:56:41 2013

HPL_pdgesv() end time   Fri Nov  8 00:06:08 2013

--------------------------------------------------------------------------------
||Ax-b||_oo/(eps*(||A||_oo*||x||_oo+||b||_oo)*N)=        0.0005391 ...... PASSED
================================================================================
T/V                N    NB     P     Q               Time                 Gflops
--------------------------------------------------------------------------------
WR11C2R4       73508   192     2    16             628.59              4.213e+02
HPL_pdgesv() start time Fri Nov  8 00:06:24 2013

HPL_pdgesv() end time   Fri Nov  8 00:16:53 2013

--------------------------------------------------------------------------------
||Ax-b||_oo/(eps*(||A||_oo*||x||_oo+||b||_oo)*N)=        0.0006026 ...... PASSED
================================================================================
T/V                N    NB     P     Q               Time                 Gflops
--------------------------------------------------------------------------------
WR11C2R4       73508   224     2    16             606.12              4.369e+02
HPL_pdgesv() start time Fri Nov  8 00:17:09 2013

HPL_pdgesv() end time   Fri Nov  8 00:27:15 2013

--------------------------------------------------------------------------------
||Ax-b||_oo/(eps*(||A||_oo*||x||_oo+||b||_oo)*N)=        0.0006154 ...... PASSED
================================================================================
T/V                N    NB     P     Q               Time                 Gflops
--------------------------------------------------------------------------------
WR11C2R4       73508   256     2    16             611.19              4.333e+02
HPL_pdgesv() start time Fri Nov  8 00:27:32 2013

HPL_pdgesv() end time   Fri Nov  8 00:37:43 2013

--------------------------------------------------------------------------------
||Ax-b||_oo/(eps*(||A||_oo*||x||_oo+||b||_oo)*N)=        0.0006382 ...... PASSED
================================================================================
T/V                N    NB     P     Q               Time                 Gflops
--------------------------------------------------------------------------------
WR11C2R4       73508    96     4     8             981.25              2.699e+02
HPL_pdgesv() start time Fri Nov  8 00:38:00 2013

HPL_pdgesv() end time   Fri Nov  8 00:54:21 2013

--------------------------------------------------------------------------------
||Ax-b||_oo/(eps*(||A||_oo*||x||_oo+||b||_oo)*N)=        0.0004886 ...... PASSED
================================================================================
T/V                N    NB     P     Q               Time                 Gflops
--------------------------------------------------------------------------------
WR11C2R4       73508   112     4     8             593.70              4.460e+02
HPL_pdgesv() start time Fri Nov  8 00:54:37 2013

HPL_pdgesv() end time   Fri Nov  8 01:04:31 2013

--------------------------------------------------------------------------------
||Ax-b||_oo/(eps*(||A||_oo*||x||_oo+||b||_oo)*N)=        0.0004966 ...... PASSED
================================================================================
T/V                N    NB     P     Q               Time                 Gflops
--------------------------------------------------------------------------------
WR11C2R4       73508   128     4     8             586.91              4.512e+02
HPL_pdgesv() start time Fri Nov  8 01:04:48 2013

HPL_pdgesv() end time   Fri Nov  8 01:14:34 2013

--------------------------------------------------------------------------------
||Ax-b||_oo/(eps*(||A||_oo*||x||_oo+||b||_oo)*N)=        0.0005207 ...... PASSED
================================================================================
T/V                N    NB     P     Q               Time                 Gflops
--------------------------------------------------------------------------------
WR11C2R4       73508   144     4     8             576.91              4.590e+02
HPL_pdgesv() start time Fri Nov  8 01:14:51 2013

HPL_pdgesv() end time   Fri Nov  8 01:24:28 2013

--------------------------------------------------------------------------------
||Ax-b||_oo/(eps*(||A||_oo*||x||_oo+||b||_oo)*N)=        0.0005671 ...... PASSED
================================================================================
T/V                N    NB     P     Q               Time                 Gflops
--------------------------------------------------------------------------------
WR11C2R4       73508   168     4     8             560.30              4.726e+02
HPL_pdgesv() start time Fri Nov  8 01:24:44 2013

HPL_pdgesv() end time   Fri Nov  8 01:34:05 2013

--------------------------------------------------------------------------------
||Ax-b||_oo/(eps*(||A||_oo*||x||_oo+||b||_oo)*N)=        0.0005776 ...... PASSED
================================================================================
T/V                N    NB     P     Q               Time                 Gflops
--------------------------------------------------------------------------------
WR11C2R4       73508   192     4     8             589.36              4.493e+02
HPL_pdgesv() start time Fri Nov  8 01:34:21 2013

HPL_pdgesv() end time   Fri Nov  8 01:44:10 2013

--------------------------------------------------------------------------------
||Ax-b||_oo/(eps*(||A||_oo*||x||_oo+||b||_oo)*N)=        0.0005692 ...... PASSED
================================================================================
T/V                N    NB     P     Q               Time                 Gflops
--------------------------------------------------------------------------------
WR11C2R4       73508   224     4     8             566.53              4.674e+02
HPL_pdgesv() start time Fri Nov  8 01:44:27 2013

HPL_pdgesv() end time   Fri Nov  8 01:53:53 2013

--------------------------------------------------------------------------------
||Ax-b||_oo/(eps*(||A||_oo*||x||_oo+||b||_oo)*N)=        0.0006688 ...... PASSED
================================================================================
T/V                N    NB     P     Q               Time                 Gflops
--------------------------------------------------------------------------------
WR11C2R4       73508   256     4     8             578.11              4.581e+02
HPL_pdgesv() start time Fri Nov  8 01:54:10 2013

HPL_pdgesv() end time   Fri Nov  8 02:03:48 2013

--------------------------------------------------------------------------------
||Ax-b||_oo/(eps*(||A||_oo*||x||_oo+||b||_oo)*N)=        0.0006794 ...... PASSED
================================================================================

Finished     24 tests with the following results:
             24 tests completed and passed residual checks,
              0 tests completed and failed residual checks,
              0 tests skipped because of illegal input values.
--------------------------------------------------------------------------------

End of Tests.
================================================================================
### Ending timestamp:   1383872637
